  test_httpServer.cpp
  Please define _WIN32_WINNT or _WIN32_WINDOWS appropriately. For example:
  - add -D_WIN32_WINNT=0x0601 to the compiler command line; or
  - add _WIN32_WINNT=0x0601 to your project's Preprocessor Definitions.
  Assuming _WIN32_WINNT=0x0601 (i.e. Windows 7 target).
J:\prj\libNet\libNet\stream\StreamBase.h(339,18): warning C4244: “初始化”: 从“float”转换到“int”，可能丢失数据
J:\prj\libNet\libNet\http\HttpReqResp.h(183,24): warning C4018: “<”: 有符号/无符号不匹配
J:\prj\libNet\libNet\http\HttpReqResp.h(546,18): warning C4018: “<”: 有符号/无符号不匹配
J:\prj\libNet\libNet\http\HttpReqResp.h(578,32): warning C4018: “<”: 有符号/无符号不匹配
J:\prj\libNet\libNet\test\test_httpServer.cpp(115,17): warning C4244: “初始化”: 从“std::streamoff”转换到“int”，可能丢失数据
J:\prj\libNet\libNet\com\NMemoryStorage.h(63,1): warning C4267: “=”: 从“size_t”转换到“SizeType”，可能丢失数据
          with
          [
              SizeType=uint16_t
          ]
J:\prj\libNet\libNet\com\NMemoryStorage.h(48): message : 在编译 类 模板 成员函数“char *NMemoryStorage<char,uint16_t>::Alloc(size_t)”时
J:\prj\libNet\libNet\core\RWHandler.h(271): message : 查看对正在编译的函数 模板 实例化“char *NMemoryStorage<char,uint16_t>::Alloc(size_t)”的引用
J:\prj\libNet\libNet\core\RWHandler.h(271): message : 查看对正在编译的 类 模板 实例化“NMemoryStorage<char,uint16_t>”的引用
J:\prj\libNet\libNet\com\NMemoryStorage.h(64,1): warning C4267: “参数”: 从“size_t”转换到“SizeType”，可能丢失数据
          with
          [
              SizeType=uint16_t
          ]
J:\prj\libNet\libNet\http\HttpHsm.h(205,33): warning C4018: “>=”: 有符号/无符号不匹配
J:\prj\libNet\libNet\http\HttpHsm.h(76): message : 在编译 类 模板 成员函数“void Http::HttpParserHsmBase<T>::CreateComStates(void)”时
          with
          [
              T=Http::HttpResponse
          ]
J:\prj\libNet\libNet\http\HttpHsm.h(491): message : 查看对正在编译的函数 模板 实例化“void Http::HttpParserHsmBase<T>::CreateComStates(void)”的引用
          with
          [
              T=Http::HttpResponse
          ]
J:\prj\libNet\libNet\http\HttpHsm.h(414): message : 查看对正在编译的 类 模板 实例化“Http::HttpParserHsmBase<T>”的引用
          with
          [
              T=Http::HttpResponse
          ]
J:\prj\libNet\libNet\http\HttpReqResp.h(134): message : 查看对正在编译的 类 模板 实例化“Http::HttpRespParserHsm<Http::HttpResponse>”的引用
J:\prj\libNet\libNet\http\HttpTools.h(23,31): warning C4018: “<”: 有符号/无符号不匹配
J:\prj\libNet\libNet\http\HttpHsm.h(354): message : 查看对正在编译的函数 模板 实例化“int Http::HttpTools::CheckMethod<T>(const T &)”的引用
          with
          [
              T=Http::HttpRequest
          ]
J:\prj\libNet\libNet\http\HttpHsm.h(333): message : 在编译 类 模板 成员函数“void Http::HttpReqParserHsm<Http::HttpRequest>::Create(void)”时
  LINK : 没有找到 J:\prj\libNet\Debug\libNet.exe 或上一个增量链接没有生成它；正在执行完全链接
  libNet.vcxproj -> J:\prj\libNet\Debug\libNet.exe
